TN:
SF:app.js
FN:59,(anonymous_0)
FNF:1
FNH:1
FNDA:1,(anonymous_0)
DA:1,1
DA:2,1
DA:3,1
DA:4,1
DA:5,1
DA:6,1
DA:7,1
DA:10,1
DA:11,1
DA:12,1
DA:13,1
DA:17,1
DA:39,1
DA:40,1
DA:46,1
DA:47,1
DA:48,1
DA:49,1
DA:53,1
DA:54,1
DA:55,1
DA:57,1
DA:59,1
DA:60,1
DA:63,1
LF:25
LH:25
BRF:0
BRH:0
end_of_record
TN:
SF:src\configs\database.js
FN:7,(anonymous_0)
FN:14,(anonymous_1)
FNF:2
FNH:2
FNDA:1,(anonymous_0)
FNDA:1,(anonymous_1)
DA:1,1
DA:2,1
DA:3,1
DA:5,1
DA:7,1
DA:8,1
DA:9,1
DA:15,1
DA:18,0
DA:22,1
LF:10
LH:9
BRF:0
BRH:0
end_of_record
TN:
SF:src\controllers\blogcontroller.js
FN:12,(anonymous_0)
FN:39,(anonymous_1)
FN:40,(anonymous_2)
FN:52,(anonymous_3)
FN:54,(anonymous_4)
FN:64,(anonymous_5)
FN:66,(anonymous_6)
FN:77,(anonymous_7)
FN:80,(anonymous_8)
FN:94,(anonymous_9)
FN:102,(anonymous_10)
FN:111,(anonymous_11)
FN:112,(anonymous_12)
FN:123,(anonymous_13)
FN:124,(anonymous_14)
FN:133,(anonymous_15)
FN:166,(anonymous_16)
FN:174,generate
FN:177,(anonymous_18)
FN:209,(anonymous_19)
FN:210,(anonymous_20)
FN:227,(anonymous_21)
FNF:22
FNH:20
FNDA:1,(anonymous_0)
FNDA:1,(anonymous_1)
FNDA:0,(anonymous_2)
FNDA:1,(anonymous_3)
FNDA:1,(anonymous_4)
FNDA:1,(anonymous_5)
FNDA:1,(anonymous_6)
FNDA:1,(anonymous_7)
FNDA:1,(anonymous_8)
FNDA:1,(anonymous_9)
FNDA:1,(anonymous_10)
FNDA:1,(anonymous_11)
FNDA:1,(anonymous_12)
FNDA:1,(anonymous_13)
FNDA:1,(anonymous_14)
FNDA:5,(anonymous_15)
FNDA:1,(anonymous_16)
FNDA:4,generate
FNDA:2,(anonymous_18)
FNDA:1,(anonymous_19)
FNDA:1,(anonymous_20)
FNDA:0,(anonymous_21)
DA:1,1
DA:2,1
DA:3,1
DA:4,1
DA:5,1
DA:6,1
DA:7,1
DA:8,1
DA:12,1
DA:13,1
DA:14,1
DA:15,1
DA:19,1
DA:24,1
DA:25,1
DA:33,0
DA:39,1
DA:40,1
DA:41,0
DA:52,1
DA:53,1
DA:54,1
DA:55,1
DA:64,1
DA:65,1
DA:66,1
DA:67,1
DA:68,0
DA:70,1
DA:71,0
DA:77,1
DA:78,1
DA:79,1
DA:80,1
DA:81,1
DA:88,0
DA:94,1
DA:95,1
DA:102,1
DA:103,1
DA:111,1
DA:112,1
DA:113,1
DA:123,1
DA:124,1
DA:125,1
DA:133,1
DA:134,5
DA:135,5
DA:137,5
DA:138,5
DA:139,4
DA:140,4
DA:141,3
DA:142,3
DA:143,3
DA:150,1
DA:157,1
DA:166,1
DA:167,1
DA:168,1
DA:175,4
DA:177,1
DA:178,2
DA:179,2
DA:180,2
DA:182,2
DA:183,2
DA:184,2
DA:185,1
DA:190,1
DA:191,1
DA:192,1
DA:198,1
DA:209,1
DA:210,1
DA:211,1
DA:212,1
DA:217,0
DA:227,1
DA:228,0
DA:231,0
DA:238,1
LF:83
LH:75
BRDA:24,0,0,1
BRDA:24,0,1,0
BRDA:67,1,0,0
BRDA:67,1,1,1
BRDA:70,2,0,0
BRDA:70,2,1,1
BRDA:138,3,0,4
BRDA:138,3,1,1
BRDA:140,4,0,3
BRDA:140,4,1,1
BRDA:182,5,0,2
BRDA:182,5,1,0
BRDA:182,6,0,2
BRDA:182,6,1,2
BRDA:182,6,2,2
BRDA:184,7,0,1
BRDA:184,7,1,1
BRDA:211,8,0,1
BRDA:211,8,1,0
BRF:19
BRH:14
end_of_record
TN:
SF:src\middlewares\auth.js
FN:3,(anonymous_0)
FN:6,(anonymous_1)
FNF:2
FNH:2
FNDA:7,(anonymous_0)
FNDA:7,(anonymous_1)
DA:1,1
DA:3,1
DA:4,7
DA:5,7
DA:6,7
DA:7,7
DA:8,0
DA:10,7
DA:11,7
DA:15,0
DA:18,1
LF:11
LH:9
BRDA:5,0,0,7
BRDA:5,0,1,0
BRDA:7,1,0,0
BRDA:7,1,1,7
BRDA:10,2,0,7
BRDA:10,2,1,0
BRF:6
BRH:3
end_of_record
TN:
SF:src\middlewares\permission.js
FN:4,(anonymous_0)
FN:7,(anonymous_1)
FNF:2
FNH:2
FNDA:8,(anonymous_0)
FNDA:8,(anonymous_1)
DA:1,1
DA:2,1
DA:4,1
DA:5,8
DA:6,8
DA:7,8
DA:8,8
DA:9,0
DA:12,8
DA:13,8
DA:14,8
DA:15,8
DA:16,8
DA:18,0
DA:23,0
DA:28,0
DA:31,1
LF:17
LH:13
BRDA:6,0,0,8
BRDA:6,0,1,0
BRDA:8,1,0,0
BRDA:8,1,1,8
BRDA:12,2,0,8
BRDA:12,2,1,0
BRDA:14,3,0,8
BRDA:14,3,1,0
BRDA:15,4,0,8
BRDA:15,4,1,0
BRF:10
BRH:5
end_of_record
TN:
SF:src\middlewares\verify User.js
FN:4,(anonymous_0)
FN:7,(anonymous_1)
FNF:2
FNH:2
FNDA:17,(anonymous_0)
FNDA:8,(anonymous_1)
DA:1,1
DA:2,1
DA:4,1
DA:5,17
DA:6,17
DA:7,8
DA:8,8
DA:9,0
DA:11,8
DA:12,8
DA:13,8
DA:14,8
DA:15,8
DA:17,0
DA:22,9
DA:25,1
LF:16
LH:14
BRDA:6,0,0,8
BRDA:6,0,1,9
BRDA:8,1,0,0
BRDA:8,1,1,8
BRDA:11,2,0,8
BRDA:11,2,1,0
BRDA:13,3,0,8
BRDA:13,3,1,0
BRF:8
BRH:5
end_of_record
TN:
SF:src\models\blog.js
FNF:0
FNH:0
DA:1,1
DA:4,1
DA:19,1
DA:21,1
LF:4
LH:4
BRF:0
BRH:0
end_of_record
TN:
SF:src\models\comments.js
FNF:0
FNH:0
DA:1,1
DA:3,1
DA:13,1
DA:15,1
LF:4
LH:4
BRF:0
BRH:0
end_of_record
TN:
SF:src\models\messages.js
FNF:0
FNH:0
DA:1,1
DA:3,1
DA:23,1
DA:25,1
LF:4
LH:4
BRF:0
BRH:0
end_of_record
TN:
SF:src\models\users.js
FN:18,(anonymous_0)
FNF:1
FNH:1
FNDA:1,(anonymous_0)
DA:1,1
DA:2,1
DA:4,1
DA:18,1
DA:19,1
DA:20,1
DA:21,1
DA:24,1
DA:26,1
LF:9
LH:9
BRF:0
BRH:0
end_of_record
TN:
SF:src\routes\blogs.js
FN:23,(anonymous_0)
FNF:1
FNH:1
FNDA:1,(anonymous_0)
DA:1,1
DA:2,1
DA:3,1
DA:18,1
DA:19,1
DA:20,1
DA:22,1
DA:23,1
DA:24,1
DA:25,1
DA:27,0
DA:30,1
DA:353,1
DA:360,1
DA:361,1
DA:362,1
DA:363,1
DA:365,1
DA:366,1
DA:367,1
DA:368,1
DA:370,1
DA:371,1
DA:372,1
DA:374,1
DA:376,1
LF:26
LH:25
BRDA:24,0,0,1
BRDA:24,0,1,0
BRF:2
BRH:1
end_of_record
TN:
SF:src\utils\helper.util.js
FNF:0
FNH:0
DA:1,1
DA:2,1
DA:3,1
DA:5,1
DA:11,1
LF:5
LH:5
BRF:0
BRH:0
end_of_record
