TN:
SF:app.js
FN:19,(anonymous_0)
FNF:1
FNH:1
FNDA:1,(anonymous_0)
DA:1,1
DA:2,1
DA:3,1
DA:4,1
DA:5,1
DA:6,1
DA:7,1
DA:8,1
DA:12,1
DA:14,1
DA:15,1
DA:16,1
DA:17,1
DA:19,1
DA:20,1
DA:23,1
DA:27,1
DA:50,1
DA:51,1
DA:53,1
DA:54,1
DA:55,1
DA:56,1
DA:58,1
DA:59,1
DA:60,1
DA:62,1
LF:27
LH:27
BRF:0
BRH:0
end_of_record
TN:
SF:src\configs\database.js
FN:7,(anonymous_0)
FN:14,(anonymous_1)
FNF:2
FNH:2
FNDA:1,(anonymous_0)
FNDA:1,(anonymous_1)
DA:1,1
DA:2,1
DA:3,1
DA:5,1
DA:7,1
DA:8,1
DA:9,1
DA:15,1
DA:18,0
DA:22,1
LF:10
LH:9
BRF:0
BRH:0
end_of_record
TN:
SF:src\controllers\blogcontroller.js
FN:12,(anonymous_0)
FN:24,(anonymous_1)
FN:34,(anonymous_2)
FN:41,(anonymous_3)
FN:42,(anonymous_4)
FN:54,(anonymous_5)
FN:56,(anonymous_6)
FN:66,(anonymous_7)
FN:68,(anonymous_8)
FN:79,(anonymous_9)
FN:82,(anonymous_10)
FN:96,(anonymous_11)
FN:104,(anonymous_12)
FN:119,(anonymous_13)
FN:120,(anonymous_14)
FN:131,(anonymous_15)
FN:132,(anonymous_16)
FN:141,(anonymous_17)
FN:174,(anonymous_18)
FN:182,generate
FN:185,(anonymous_20)
FN:216,(anonymous_21)
FN:218,(anonymous_22)
FN:228,(anonymous_23)
FN:229,(anonymous_24)
FN:246,(anonymous_25)
FNF:26
FNH:24
FNDA:1,(anonymous_0)
FNDA:1,(anonymous_1)
FNDA:0,(anonymous_2)
FNDA:1,(anonymous_3)
FNDA:1,(anonymous_4)
FNDA:1,(anonymous_5)
FNDA:1,(anonymous_6)
FNDA:1,(anonymous_7)
FNDA:1,(anonymous_8)
FNDA:1,(anonymous_9)
FNDA:1,(anonymous_10)
FNDA:1,(anonymous_11)
FNDA:1,(anonymous_12)
FNDA:1,(anonymous_13)
FNDA:1,(anonymous_14)
FNDA:1,(anonymous_15)
FNDA:1,(anonymous_16)
FNDA:6,(anonymous_17)
FNDA:1,(anonymous_18)
FNDA:4,generate
FNDA:2,(anonymous_20)
FNDA:1,(anonymous_21)
FNDA:1,(anonymous_22)
FNDA:1,(anonymous_23)
FNDA:1,(anonymous_24)
FNDA:0,(anonymous_25)
DA:1,1
DA:2,1
DA:3,1
DA:4,1
DA:5,1
DA:6,1
DA:7,1
DA:8,1
DA:12,1
DA:13,1
DA:14,1
DA:18,1
DA:25,1
DA:26,1
DA:27,1
DA:35,0
DA:41,1
DA:42,1
DA:43,1
DA:54,1
DA:55,1
DA:56,1
DA:57,1
DA:66,1
DA:67,1
DA:68,1
DA:69,1
DA:70,0
DA:72,1
DA:73,1
DA:79,1
DA:80,1
DA:81,1
DA:82,1
DA:83,1
DA:90,0
DA:96,1
DA:97,1
DA:103,1
DA:104,1
DA:105,1
DA:106,1
DA:112,1
DA:113,0
DA:119,1
DA:120,1
DA:121,1
DA:131,1
DA:132,1
DA:133,1
DA:141,1
DA:142,6
DA:143,6
DA:145,6
DA:146,5
DA:147,3
DA:148,3
DA:149,3
DA:150,3
DA:151,3
DA:158,0
DA:165,2
DA:174,1
DA:175,1
DA:176,1
DA:183,4
DA:185,1
DA:186,2
DA:187,2
DA:188,2
DA:190,2
DA:191,2
DA:192,2
DA:193,1
DA:199,1
DA:200,1
DA:201,1
DA:207,1
DA:216,1
DA:217,1
DA:218,1
DA:219,1
DA:228,1
DA:229,1
DA:230,1
DA:231,1
DA:236,0
DA:246,1
DA:247,0
DA:250,0
DA:257,1
LF:91
LH:83
BRDA:69,0,0,0
BRDA:69,0,1,1
BRDA:72,1,0,1
BRDA:72,1,1,0
BRDA:105,2,0,1
BRDA:105,2,1,0
BRDA:112,3,0,0
BRDA:112,3,1,1
BRDA:146,4,0,3
BRDA:146,4,1,2
BRDA:148,5,0,3
BRDA:148,5,1,0
BRDA:190,6,0,2
BRDA:190,6,1,0
BRDA:190,7,0,2
BRDA:190,7,1,2
BRDA:190,7,2,2
BRDA:192,8,0,1
BRDA:192,8,1,1
BRDA:230,9,0,1
BRDA:230,9,1,0
BRF:21
BRH:14
end_of_record
TN:
SF:src\middlewares\auth.js
FN:4,(anonymous_0)
FN:8,(anonymous_1)
FN:19,(anonymous_2)
FN:24,(anonymous_3)
FNF:4
FNH:3
FNDA:5,(anonymous_0)
FNDA:0,(anonymous_1)
FNDA:5,(anonymous_2)
FNDA:5,(anonymous_3)
DA:1,1
DA:2,1
DA:4,1
DA:5,5
DA:6,5
DA:7,5
DA:8,0
DA:9,0
DA:10,0
DA:12,0
DA:13,0
DA:17,5
DA:18,5
DA:19,5
DA:20,5
DA:21,0
DA:23,5
DA:24,5
DA:25,5
DA:26,5
DA:31,0
DA:36,1
LF:22
LH:15
BRDA:6,0,0,5
BRDA:6,0,1,0
BRDA:7,1,0,0
BRDA:7,1,1,5
BRDA:9,2,0,0
BRDA:9,2,1,0
BRDA:12,3,0,0
BRDA:12,3,1,0
BRDA:18,4,0,5
BRDA:18,4,1,0
BRDA:20,5,0,0
BRDA:20,5,1,5
BRDA:23,6,0,5
BRDA:23,6,1,0
BRF:14
BRH:5
end_of_record
TN:
SF:src\middlewares\permission.js
FN:4,(anonymous_0)
FN:8,(anonymous_1)
FN:38,(anonymous_2)
FNF:3
FNH:2
FNDA:5,(anonymous_0)
FNDA:0,(anonymous_1)
FNDA:5,(anonymous_2)
DA:1,1
DA:2,1
DA:4,1
DA:5,5
DA:6,5
DA:7,5
DA:8,0
DA:9,0
DA:10,0
DA:13,0
DA:14,0
DA:15,0
DA:16,0
DA:17,0
DA:19,0
DA:23,0
DA:24,0
DA:29,0
DA:30,0
DA:31,0
DA:36,5
DA:37,5
DA:38,5
DA:39,5
DA:40,0
DA:43,5
DA:44,5
DA:45,5
DA:46,5
DA:47,5
DA:49,0
DA:56,0
DA:61,0
DA:66,1
LF:34
LH:16
BRDA:6,0,0,5
BRDA:6,0,1,0
BRDA:7,1,0,0
BRDA:7,1,1,5
BRDA:9,2,0,0
BRDA:9,2,1,0
BRDA:13,3,0,0
BRDA:13,3,1,0
BRDA:15,4,0,0
BRDA:15,4,1,0
BRDA:16,5,0,0
BRDA:16,5,1,0
BRDA:37,6,0,5
BRDA:37,6,1,0
BRDA:39,7,0,0
BRDA:39,7,1,5
BRDA:43,8,0,5
BRDA:43,8,1,0
BRDA:45,9,0,5
BRDA:45,9,1,0
BRDA:46,10,0,5
BRDA:46,10,1,0
BRF:22
BRH:7
end_of_record
TN:
SF:src\middlewares\verify User.js
FN:4,(anonymous_0)
FN:7,(anonymous_1)
FNF:2
FNH:2
FNDA:19,(anonymous_0)
FNDA:9,(anonymous_1)
DA:1,1
DA:2,1
DA:4,1
DA:5,19
DA:6,19
DA:7,9
DA:8,9
DA:9,0
DA:11,9
DA:12,9
DA:13,9
DA:14,9
DA:15,9
DA:17,0
DA:22,10
DA:25,1
LF:16
LH:14
BRDA:6,0,0,9
BRDA:6,0,1,10
BRDA:8,1,0,0
BRDA:8,1,1,9
BRDA:11,2,0,9
BRDA:11,2,1,0
BRDA:13,3,0,9
BRDA:13,3,1,0
BRF:8
BRH:5
end_of_record
TN:
SF:src\models\blog.js
FNF:0
FNH:0
DA:1,1
DA:4,1
DA:19,1
DA:21,1
LF:4
LH:4
BRF:0
BRH:0
end_of_record
TN:
SF:src\models\comments.js
FNF:0
FNH:0
DA:1,1
DA:3,1
DA:13,1
DA:15,1
LF:4
LH:4
BRF:0
BRH:0
end_of_record
TN:
SF:src\models\messages.js
FNF:0
FNH:0
DA:1,1
DA:3,1
DA:23,1
DA:25,1
LF:4
LH:4
BRF:0
BRH:0
end_of_record
TN:
SF:src\models\users.js
FN:20,(anonymous_0)
FNF:1
FNH:1
FNDA:1,(anonymous_0)
DA:1,1
DA:2,1
DA:4,1
DA:20,1
DA:21,1
DA:22,1
DA:23,1
DA:26,1
DA:28,1
LF:9
LH:9
BRF:0
BRH:0
end_of_record
TN:
SF:src\routes\blogs.js
FN:24,(anonymous_0)
FNF:1
FNH:1
FNDA:1,(anonymous_0)
DA:1,1
DA:2,1
DA:3,1
DA:19,1
DA:20,1
DA:21,1
DA:23,1
DA:24,1
DA:25,1
DA:26,1
DA:32,1
DA:377,1
DA:378,1
DA:379,1
DA:380,1
DA:381,1
DA:383,1
DA:384,1
DA:385,1
DA:386,1
DA:387,1
DA:389,1
DA:390,1
DA:391,1
DA:393,1
DA:395,1
LF:26
LH:26
BRDA:25,0,0,1
BRDA:25,0,1,0
BRF:2
BRH:1
end_of_record
TN:
SF:src\utils\helper.util.js
FNF:0
FNH:0
DA:1,1
DA:2,1
DA:3,1
DA:5,1
DA:11,1
LF:5
LH:5
BRF:0
BRH:0
end_of_record
